<?xml version="1.0" encoding="UTF-8"?>
<robot generator="Robot 3.1.2 (Python 3.8.2 on win32)" generated="20200508 18:32:07.401" rpa="false">
<suite id="s1" name="Tc 001" source="C:\Users\vaisa\PycharmProjects\RFProject2\Testcases\Tc_001.robot">
<test id="s1-t1" name="Open Facebook and Check Login">
<kw name="Open Browser" library="SeleniumLibrary">
<doc>Opens a new browser instance to the optional ``url``.</doc>
<arguments>
<arg>${url}</arg>
<arg>${Browser}</arg>
</arguments>
<msg timestamp="20200508 18:32:09.581" level="INFO">Opening browser 'Chrome' to base url 'https://www.facebook.com'.</msg>
<status status="PASS" starttime="20200508 18:32:09.581" endtime="20200508 18:32:20.497"></status>
</kw>
<kw name="Maximize Browser Window" library="SeleniumLibrary">
<doc>Maximizes current browser window.</doc>
<status status="PASS" starttime="20200508 18:32:20.498" endtime="20200508 18:32:22.722"></status>
</kw>
<kw name="Read RowCount" library="UDKeywords">
<arguments>
<arg>Sheet1</arg>
</arguments>
<assign>
<var>${row}</var>
</assign>
<kw name="ReadTD Rowcount" library="ReadTestData">
<arguments>
<arg>${sheetname}</arg>
</arguments>
<assign>
<var>${rowC}</var>
</assign>
<msg timestamp="20200508 18:32:22.742" level="INFO">${rowC} = 7</msg>
<status status="PASS" starttime="20200508 18:32:22.724" endtime="20200508 18:32:22.742"></status>
</kw>
<msg timestamp="20200508 18:32:22.744" level="INFO">${row} = 7</msg>
<status status="PASS" starttime="20200508 18:32:22.723" endtime="20200508 18:32:22.745"></status>
</kw>
<kw name="Log To Console" library="BuiltIn">
<doc>Logs the given message to the console.</doc>
<arguments>
<arg>${row}</arg>
</arguments>
<status status="PASS" starttime="20200508 18:32:22.746" endtime="20200508 18:32:22.748"></status>
</kw>
<kw name="${i} IN RANGE [ 1 | ${row}+1 ]" type="for">
<kw name="${i} = 1" type="foritem">
<kw name="Read TestData" library="UDKeywords">
<arguments>
<arg>Sheet1</arg>
<arg>${i}</arg>
<arg>1</arg>
</arguments>
<assign>
<var>${data1}</var>
</assign>
<kw name="Read TD" library="ReadTestData">
<arguments>
<arg>${sheetname}</arg>
<arg>${row}</arg>
<arg>${col}</arg>
</arguments>
<assign>
<var>${celval}</var>
</assign>
<msg timestamp="20200508 18:32:22.768" level="INFO">${celval} = UserName</msg>
<status status="PASS" starttime="20200508 18:32:22.751" endtime="20200508 18:32:22.768"></status>
</kw>
<msg timestamp="20200508 18:32:22.768" level="INFO">${data1} = UserName</msg>
<status status="PASS" starttime="20200508 18:32:22.750" endtime="20200508 18:32:22.768"></status>
</kw>
<kw name="Read TestData" library="UDKeywords">
<arguments>
<arg>Sheet1</arg>
<arg>${i}</arg>
<arg>2</arg>
</arguments>
<assign>
<var>${data2}</var>
</assign>
<kw name="Read TD" library="ReadTestData">
<arguments>
<arg>${sheetname}</arg>
<arg>${row}</arg>
<arg>${col}</arg>
</arguments>
<assign>
<var>${celval}</var>
</assign>
<msg timestamp="20200508 18:32:22.784" level="INFO">${celval} = Password</msg>
<status status="PASS" starttime="20200508 18:32:22.771" endtime="20200508 18:32:22.784"></status>
</kw>
<msg timestamp="20200508 18:32:22.784" level="INFO">${data2} = Password</msg>
<status status="PASS" starttime="20200508 18:32:22.770" endtime="20200508 18:32:22.784"></status>
</kw>
<kw name="Input Text" library="SeleniumLibrary">
<doc>Types the given ``text`` into the text field identified by ``locator``.</doc>
<arguments>
<arg>name=email</arg>
<arg>${data1}</arg>
</arguments>
<msg timestamp="20200508 18:32:22.784" level="INFO">Typing text 'UserName' into text field 'name=email'.</msg>
<status status="PASS" starttime="20200508 18:32:22.784" endtime="20200508 18:32:23.023"></status>
</kw>
<kw name="Input Text" library="SeleniumLibrary">
<doc>Types the given ``text`` into the text field identified by ``locator``.</doc>
<arguments>
<arg>name=pass</arg>
<arg>${data2}</arg>
</arguments>
<msg timestamp="20200508 18:32:23.025" level="INFO">Typing text 'Password' into text field 'name=pass'.</msg>
<status status="PASS" starttime="20200508 18:32:23.024" endtime="20200508 18:32:23.287"></status>
</kw>
<kw name="Sleep" library="BuiltIn">
<doc>Pauses the test executed for the given time.</doc>
<arguments>
<arg>2 seconds</arg>
</arguments>
<msg timestamp="20200508 18:32:25.290" level="INFO">Slept 2 seconds</msg>
<status status="PASS" starttime="20200508 18:32:23.287" endtime="20200508 18:32:25.290"></status>
</kw>
<status status="PASS" starttime="20200508 18:32:22.749" endtime="20200508 18:32:25.290"></status>
</kw>
<kw name="${i} = 2" type="foritem">
<kw name="Read TestData" library="UDKeywords">
<arguments>
<arg>Sheet1</arg>
<arg>${i}</arg>
<arg>1</arg>
</arguments>
<assign>
<var>${data1}</var>
</assign>
<kw name="Read TD" library="ReadTestData">
<arguments>
<arg>${sheetname}</arg>
<arg>${row}</arg>
<arg>${col}</arg>
</arguments>
<assign>
<var>${celval}</var>
</assign>
<msg timestamp="20200508 18:32:25.299" level="INFO">${celval} = vaisag</msg>
<status status="PASS" starttime="20200508 18:32:25.291" endtime="20200508 18:32:25.299"></status>
</kw>
<msg timestamp="20200508 18:32:25.299" level="INFO">${data1} = vaisag</msg>
<status status="PASS" starttime="20200508 18:32:25.290" endtime="20200508 18:32:25.299"></status>
</kw>
<kw name="Read TestData" library="UDKeywords">
<arguments>
<arg>Sheet1</arg>
<arg>${i}</arg>
<arg>2</arg>
</arguments>
<assign>
<var>${data2}</var>
</assign>
<kw name="Read TD" library="ReadTestData">
<arguments>
<arg>${sheetname}</arg>
<arg>${row}</arg>
<arg>${col}</arg>
</arguments>
<assign>
<var>${celval}</var>
</assign>
<msg timestamp="20200508 18:32:25.314" level="INFO">${celval} = 1234</msg>
<status status="PASS" starttime="20200508 18:32:25.299" endtime="20200508 18:32:25.314"></status>
</kw>
<msg timestamp="20200508 18:32:25.314" level="INFO">${data2} = 1234</msg>
<status status="PASS" starttime="20200508 18:32:25.299" endtime="20200508 18:32:25.314"></status>
</kw>
<kw name="Input Text" library="SeleniumLibrary">
<doc>Types the given ``text`` into the text field identified by ``locator``.</doc>
<arguments>
<arg>name=email</arg>
<arg>${data1}</arg>
</arguments>
<msg timestamp="20200508 18:32:25.314" level="INFO">Typing text 'vaisag' into text field 'name=email'.</msg>
<status status="PASS" starttime="20200508 18:32:25.314" endtime="20200508 18:32:25.517"></status>
</kw>
<kw name="Input Text" library="SeleniumLibrary">
<doc>Types the given ``text`` into the text field identified by ``locator``.</doc>
<arguments>
<arg>name=pass</arg>
<arg>${data2}</arg>
</arguments>
<msg timestamp="20200508 18:32:25.517" level="INFO">Typing text '1234' into text field 'name=pass'.</msg>
<status status="PASS" starttime="20200508 18:32:25.517" endtime="20200508 18:32:25.685"></status>
</kw>
<kw name="Sleep" library="BuiltIn">
<doc>Pauses the test executed for the given time.</doc>
<arguments>
<arg>2 seconds</arg>
</arguments>
<msg timestamp="20200508 18:32:27.686" level="INFO">Slept 2 seconds</msg>
<status status="PASS" starttime="20200508 18:32:25.686" endtime="20200508 18:32:27.687"></status>
</kw>
<status status="PASS" starttime="20200508 18:32:25.290" endtime="20200508 18:32:27.687"></status>
</kw>
<kw name="${i} = 3" type="foritem">
<kw name="Read TestData" library="UDKeywords">
<arguments>
<arg>Sheet1</arg>
<arg>${i}</arg>
<arg>1</arg>
</arguments>
<assign>
<var>${data1}</var>
</assign>
<kw name="Read TD" library="ReadTestData">
<arguments>
<arg>${sheetname}</arg>
<arg>${row}</arg>
<arg>${col}</arg>
</arguments>
<assign>
<var>${celval}</var>
</assign>
<msg timestamp="20200508 18:32:27.710" level="INFO">${celval} = betsy</msg>
<status status="PASS" starttime="20200508 18:32:27.689" endtime="20200508 18:32:27.710"></status>
</kw>
<msg timestamp="20200508 18:32:27.710" level="INFO">${data1} = betsy</msg>
<status status="PASS" starttime="20200508 18:32:27.688" endtime="20200508 18:32:27.710"></status>
</kw>
<kw name="Read TestData" library="UDKeywords">
<arguments>
<arg>Sheet1</arg>
<arg>${i}</arg>
<arg>2</arg>
</arguments>
<assign>
<var>${data2}</var>
</assign>
<kw name="Read TD" library="ReadTestData">
<arguments>
<arg>${sheetname}</arg>
<arg>${row}</arg>
<arg>${col}</arg>
</arguments>
<assign>
<var>${celval}</var>
</assign>
<msg timestamp="20200508 18:32:27.720" level="INFO">${celval} = 5678</msg>
<status status="PASS" starttime="20200508 18:32:27.710" endtime="20200508 18:32:27.720"></status>
</kw>
<msg timestamp="20200508 18:32:27.720" level="INFO">${data2} = 5678</msg>
<status status="PASS" starttime="20200508 18:32:27.710" endtime="20200508 18:32:27.720"></status>
</kw>
<kw name="Input Text" library="SeleniumLibrary">
<doc>Types the given ``text`` into the text field identified by ``locator``.</doc>
<arguments>
<arg>name=email</arg>
<arg>${data1}</arg>
</arguments>
<msg timestamp="20200508 18:32:27.720" level="INFO">Typing text 'betsy' into text field 'name=email'.</msg>
<status status="PASS" starttime="20200508 18:32:27.720" endtime="20200508 18:32:27.888"></status>
</kw>
<kw name="Input Text" library="SeleniumLibrary">
<doc>Types the given ``text`` into the text field identified by ``locator``.</doc>
<arguments>
<arg>name=pass</arg>
<arg>${data2}</arg>
</arguments>
<msg timestamp="20200508 18:32:27.889" level="INFO">Typing text '5678' into text field 'name=pass'.</msg>
<status status="PASS" starttime="20200508 18:32:27.888" endtime="20200508 18:32:28.055"></status>
</kw>
<kw name="Sleep" library="BuiltIn">
<doc>Pauses the test executed for the given time.</doc>
<arguments>
<arg>2 seconds</arg>
</arguments>
<msg timestamp="20200508 18:32:30.058" level="INFO">Slept 2 seconds</msg>
<status status="PASS" starttime="20200508 18:32:28.055" endtime="20200508 18:32:30.058"></status>
</kw>
<status status="PASS" starttime="20200508 18:32:27.688" endtime="20200508 18:32:30.059"></status>
</kw>
<kw name="${i} = 4" type="foritem">
<kw name="Read TestData" library="UDKeywords">
<arguments>
<arg>Sheet1</arg>
<arg>${i}</arg>
<arg>1</arg>
</arguments>
<assign>
<var>${data1}</var>
</assign>
<kw name="Read TD" library="ReadTestData">
<arguments>
<arg>${sheetname}</arg>
<arg>${row}</arg>
<arg>${col}</arg>
</arguments>
<assign>
<var>${celval}</var>
</assign>
<msg timestamp="20200508 18:32:30.075" level="INFO">${celval} = Reka</msg>
<status status="PASS" starttime="20200508 18:32:30.060" endtime="20200508 18:32:30.075"></status>
</kw>
<msg timestamp="20200508 18:32:30.075" level="INFO">${data1} = Reka</msg>
<status status="PASS" starttime="20200508 18:32:30.059" endtime="20200508 18:32:30.075"></status>
</kw>
<kw name="Read TestData" library="UDKeywords">
<arguments>
<arg>Sheet1</arg>
<arg>${i}</arg>
<arg>2</arg>
</arguments>
<assign>
<var>${data2}</var>
</assign>
<kw name="Read TD" library="ReadTestData">
<arguments>
<arg>${sheetname}</arg>
<arg>${row}</arg>
<arg>${col}</arg>
</arguments>
<assign>
<var>${celval}</var>
</assign>
<msg timestamp="20200508 18:32:30.093" level="INFO">${celval} = 9123</msg>
<status status="PASS" starttime="20200508 18:32:30.078" endtime="20200508 18:32:30.093"></status>
</kw>
<msg timestamp="20200508 18:32:30.093" level="INFO">${data2} = 9123</msg>
<status status="PASS" starttime="20200508 18:32:30.075" endtime="20200508 18:32:30.093"></status>
</kw>
<kw name="Input Text" library="SeleniumLibrary">
<doc>Types the given ``text`` into the text field identified by ``locator``.</doc>
<arguments>
<arg>name=email</arg>
<arg>${data1}</arg>
</arguments>
<msg timestamp="20200508 18:32:30.094" level="INFO">Typing text 'Reka' into text field 'name=email'.</msg>
<status status="PASS" starttime="20200508 18:32:30.094" endtime="20200508 18:32:30.271"></status>
</kw>
<kw name="Input Text" library="SeleniumLibrary">
<doc>Types the given ``text`` into the text field identified by ``locator``.</doc>
<arguments>
<arg>name=pass</arg>
<arg>${data2}</arg>
</arguments>
<msg timestamp="20200508 18:32:30.273" level="INFO">Typing text '9123' into text field 'name=pass'.</msg>
<status status="PASS" starttime="20200508 18:32:30.272" endtime="20200508 18:32:30.425"></status>
</kw>
<kw name="Sleep" library="BuiltIn">
<doc>Pauses the test executed for the given time.</doc>
<arguments>
<arg>2 seconds</arg>
</arguments>
<msg timestamp="20200508 18:32:32.431" level="INFO">Slept 2 seconds</msg>
<status status="PASS" starttime="20200508 18:32:30.425" endtime="20200508 18:32:32.432"></status>
</kw>
<status status="PASS" starttime="20200508 18:32:30.059" endtime="20200508 18:32:32.432"></status>
</kw>
<kw name="${i} = 5" type="foritem">
<kw name="Read TestData" library="UDKeywords">
<arguments>
<arg>Sheet1</arg>
<arg>${i}</arg>
<arg>1</arg>
</arguments>
<assign>
<var>${data1}</var>
</assign>
<kw name="Read TD" library="ReadTestData">
<arguments>
<arg>${sheetname}</arg>
<arg>${row}</arg>
<arg>${col}</arg>
</arguments>
<assign>
<var>${celval}</var>
</assign>
<msg timestamp="20200508 18:32:32.451" level="INFO">${celval} = abcd</msg>
<status status="PASS" starttime="20200508 18:32:32.434" endtime="20200508 18:32:32.451"></status>
</kw>
<msg timestamp="20200508 18:32:32.451" level="INFO">${data1} = abcd</msg>
<status status="PASS" starttime="20200508 18:32:32.433" endtime="20200508 18:32:32.451"></status>
</kw>
<kw name="Read TestData" library="UDKeywords">
<arguments>
<arg>Sheet1</arg>
<arg>${i}</arg>
<arg>2</arg>
</arguments>
<assign>
<var>${data2}</var>
</assign>
<kw name="Read TD" library="ReadTestData">
<arguments>
<arg>${sheetname}</arg>
<arg>${row}</arg>
<arg>${col}</arg>
</arguments>
<assign>
<var>${celval}</var>
</assign>
<msg timestamp="20200508 18:32:32.473" level="INFO">${celval} = 1212</msg>
<status status="PASS" starttime="20200508 18:32:32.451" endtime="20200508 18:32:32.473"></status>
</kw>
<msg timestamp="20200508 18:32:32.476" level="INFO">${data2} = 1212</msg>
<status status="PASS" starttime="20200508 18:32:32.451" endtime="20200508 18:32:32.476"></status>
</kw>
<kw name="Input Text" library="SeleniumLibrary">
<doc>Types the given ``text`` into the text field identified by ``locator``.</doc>
<arguments>
<arg>name=email</arg>
<arg>${data1}</arg>
</arguments>
<msg timestamp="20200508 18:32:32.477" level="INFO">Typing text 'abcd' into text field 'name=email'.</msg>
<status status="PASS" starttime="20200508 18:32:32.476" endtime="20200508 18:32:32.669"></status>
</kw>
<kw name="Input Text" library="SeleniumLibrary">
<doc>Types the given ``text`` into the text field identified by ``locator``.</doc>
<arguments>
<arg>name=pass</arg>
<arg>${data2}</arg>
</arguments>
<msg timestamp="20200508 18:32:32.669" level="INFO">Typing text '1212' into text field 'name=pass'.</msg>
<status status="PASS" starttime="20200508 18:32:32.669" endtime="20200508 18:32:32.808"></status>
</kw>
<kw name="Sleep" library="BuiltIn">
<doc>Pauses the test executed for the given time.</doc>
<arguments>
<arg>2 seconds</arg>
</arguments>
<msg timestamp="20200508 18:32:34.811" level="INFO">Slept 2 seconds</msg>
<status status="PASS" starttime="20200508 18:32:32.808" endtime="20200508 18:32:34.811"></status>
</kw>
<status status="PASS" starttime="20200508 18:32:32.433" endtime="20200508 18:32:34.811"></status>
</kw>
<kw name="${i} = 6" type="foritem">
<kw name="Read TestData" library="UDKeywords">
<arguments>
<arg>Sheet1</arg>
<arg>${i}</arg>
<arg>1</arg>
</arguments>
<assign>
<var>${data1}</var>
</assign>
<kw name="Read TD" library="ReadTestData">
<arguments>
<arg>${sheetname}</arg>
<arg>${row}</arg>
<arg>${col}</arg>
</arguments>
<assign>
<var>${celval}</var>
</assign>
<msg timestamp="20200508 18:32:34.854" level="INFO">${celval} = vbfd</msg>
<status status="PASS" starttime="20200508 18:32:34.816" endtime="20200508 18:32:34.854"></status>
</kw>
<msg timestamp="20200508 18:32:34.858" level="INFO">${data1} = vbfd</msg>
<status status="PASS" starttime="20200508 18:32:34.814" endtime="20200508 18:32:34.858"></status>
</kw>
<kw name="Read TestData" library="UDKeywords">
<arguments>
<arg>Sheet1</arg>
<arg>${i}</arg>
<arg>2</arg>
</arguments>
<assign>
<var>${data2}</var>
</assign>
<kw name="Read TD" library="ReadTestData">
<arguments>
<arg>${sheetname}</arg>
<arg>${row}</arg>
<arg>${col}</arg>
</arguments>
<assign>
<var>${celval}</var>
</assign>
<msg timestamp="20200508 18:32:34.885" level="INFO">${celval} = 8329</msg>
<status status="PASS" starttime="20200508 18:32:34.862" endtime="20200508 18:32:34.885"></status>
</kw>
<msg timestamp="20200508 18:32:34.885" level="INFO">${data2} = 8329</msg>
<status status="PASS" starttime="20200508 18:32:34.859" endtime="20200508 18:32:34.885"></status>
</kw>
<kw name="Input Text" library="SeleniumLibrary">
<doc>Types the given ``text`` into the text field identified by ``locator``.</doc>
<arguments>
<arg>name=email</arg>
<arg>${data1}</arg>
</arguments>
<msg timestamp="20200508 18:32:34.885" level="INFO">Typing text 'vbfd' into text field 'name=email'.</msg>
<status status="PASS" starttime="20200508 18:32:34.885" endtime="20200508 18:32:35.093"></status>
</kw>
<kw name="Input Text" library="SeleniumLibrary">
<doc>Types the given ``text`` into the text field identified by ``locator``.</doc>
<arguments>
<arg>name=pass</arg>
<arg>${data2}</arg>
</arguments>
<msg timestamp="20200508 18:32:35.094" level="INFO">Typing text '8329' into text field 'name=pass'.</msg>
<status status="PASS" starttime="20200508 18:32:35.094" endtime="20200508 18:32:35.256"></status>
</kw>
<kw name="Sleep" library="BuiltIn">
<doc>Pauses the test executed for the given time.</doc>
<arguments>
<arg>2 seconds</arg>
</arguments>
<msg timestamp="20200508 18:32:37.259" level="INFO">Slept 2 seconds</msg>
<status status="PASS" starttime="20200508 18:32:35.256" endtime="20200508 18:32:37.259"></status>
</kw>
<status status="PASS" starttime="20200508 18:32:34.811" endtime="20200508 18:32:37.260"></status>
</kw>
<kw name="${i} = 7" type="foritem">
<kw name="Read TestData" library="UDKeywords">
<arguments>
<arg>Sheet1</arg>
<arg>${i}</arg>
<arg>1</arg>
</arguments>
<assign>
<var>${data1}</var>
</assign>
<kw name="Read TD" library="ReadTestData">
<arguments>
<arg>${sheetname}</arg>
<arg>${row}</arg>
<arg>${col}</arg>
</arguments>
<assign>
<var>${celval}</var>
</assign>
<msg timestamp="20200508 18:32:37.284" level="INFO">${celval} = kris</msg>
<status status="PASS" starttime="20200508 18:32:37.260" endtime="20200508 18:32:37.284"></status>
</kw>
<msg timestamp="20200508 18:32:37.287" level="INFO">${data1} = kris</msg>
<status status="PASS" starttime="20200508 18:32:37.260" endtime="20200508 18:32:37.287"></status>
</kw>
<kw name="Read TestData" library="UDKeywords">
<arguments>
<arg>Sheet1</arg>
<arg>${i}</arg>
<arg>2</arg>
</arguments>
<assign>
<var>${data2}</var>
</assign>
<kw name="Read TD" library="ReadTestData">
<arguments>
<arg>${sheetname}</arg>
<arg>${row}</arg>
<arg>${col}</arg>
</arguments>
<assign>
<var>${celval}</var>
</assign>
<msg timestamp="20200508 18:32:37.324" level="INFO">${celval} = 2133</msg>
<status status="PASS" starttime="20200508 18:32:37.291" endtime="20200508 18:32:37.325"></status>
</kw>
<msg timestamp="20200508 18:32:37.325" level="INFO">${data2} = 2133</msg>
<status status="PASS" starttime="20200508 18:32:37.288" endtime="20200508 18:32:37.325"></status>
</kw>
<kw name="Input Text" library="SeleniumLibrary">
<doc>Types the given ``text`` into the text field identified by ``locator``.</doc>
<arguments>
<arg>name=email</arg>
<arg>${data1}</arg>
</arguments>
<msg timestamp="20200508 18:32:37.325" level="INFO">Typing text 'kris' into text field 'name=email'.</msg>
<status status="PASS" starttime="20200508 18:32:37.325" endtime="20200508 18:32:37.507"></status>
</kw>
<kw name="Input Text" library="SeleniumLibrary">
<doc>Types the given ``text`` into the text field identified by ``locator``.</doc>
<arguments>
<arg>name=pass</arg>
<arg>${data2}</arg>
</arguments>
<msg timestamp="20200508 18:32:37.508" level="INFO">Typing text '2133' into text field 'name=pass'.</msg>
<status status="PASS" starttime="20200508 18:32:37.507" endtime="20200508 18:32:37.658"></status>
</kw>
<kw name="Sleep" library="BuiltIn">
<doc>Pauses the test executed for the given time.</doc>
<arguments>
<arg>2 seconds</arg>
</arguments>
<msg timestamp="20200508 18:32:39.661" level="INFO">Slept 2 seconds</msg>
<status status="PASS" starttime="20200508 18:32:37.658" endtime="20200508 18:32:39.661"></status>
</kw>
<status status="PASS" starttime="20200508 18:32:37.260" endtime="20200508 18:32:39.661"></status>
</kw>
<status status="PASS" starttime="20200508 18:32:22.749" endtime="20200508 18:32:39.661"></status>
</kw>
<status status="PASS" starttime="20200508 18:32:09.581" endtime="20200508 18:32:39.662" critical="yes"></status>
</test>
<status status="PASS" starttime="20200508 18:32:07.405" endtime="20200508 18:32:39.667"></status>
</suite>
<statistics>
<total>
<stat pass="1" fail="0">Critical Tests</stat>
<stat pass="1" fail="0">All Tests</stat>
</total>
<tag>
</tag>
<suite>
<stat pass="1" fail="0" id="s1" name="Tc 001">Tc 001</stat>
</suite>
</statistics>
<errors>
</errors>
</robot>
